<?xml version="1.0" encoding="UTF-8"?>
<!-- Generated by org.testng.reporters.JUnitXMLReporter -->
<testsuite ignored="0" hostname="chandans-MacBook-Air.local" failures="0" tests="2" name="EmailTest" time="14.626" errors="0" timestamp="2024-12-13T21:49:25 IST">
  <testcase classname="com.application.testngtestcases.ActimeTimePageTest" name="emailtest1" time="3.808"/>
  <testcase classname="com.application.testngtestcases.ActimeTimePageTest" name="zypher" time="3.235"/>
</testsuite> <!-- EmailTest -->
