<?xml version="1.0" encoding="UTF-8"?>
<!-- Generated by org.testng.reporters.JUnitXMLReporter -->
<testsuite ignored="0" hostname="chandans-MacBook-Air.local" failures="0" tests="2" name="EmailTest" time="23.523" errors="0" timestamp="2024-06-15T23:04:41 IST">
  <testcase classname="com.application.testngtestcases.ActimeTimePageTest" name="emailtest1" time="6.921"/>
  <testcase classname="com.application.testngtestcases.ActimeTimePageTest" name="emailtest12" time="6.939"/>
</testsuite> <!-- EmailTest -->
