<?xml version="1.0" encoding="UTF-8"?>
<testsuite name="EmailTest1"
           tests="2"
           failures="0"
           errors="0"
           skipped="0"
           time="4.500">
    <properties></properties>



            <testcase
                name="emailtest4"
                time="2.021"
                classname="com.application.testngtestcases.ActimePage">
            </testcase>
            <testcase
                name="emailtest"
                time="2.479"
                classname="com.application.testngtestcases.ActimePage">
            </testcase>
</testsuite>
