<?xml version="1.0" encoding="UTF-8"?>
<testsuite name="EmailTest"
           tests="2"
           failures="0"
           errors="0"
           skipped="0"
           time="6.776">
    <properties></properties>



            <testcase
                name="zypher"
                time="3.087"
                classname="com.application.testngtestcases.ActimeTimePageTest">
            </testcase>
            <testcase
                name="emailtest1"
                time="3.689"
                classname="com.application.testngtestcases.ActimeTimePageTest">
            </testcase>
</testsuite>
