<?xml version="1.0" encoding="UTF-8"?>
<testsuite name="Default test"
           tests="1"
           failures="1"
           errors="0"
           skipped="0"
           time="41.401">
    <properties></properties>

            <testcase
                name="fileUpload"
                time="41.401"
                classname="playwrightconcepts.UploadMultipleFiles">

            <failure type="com.microsoft.playwright.TimeoutError" message="Error {
  message=&apos;Timeout 30000ms exceeded.
  name=&apos;TimeoutError
  stack=&apos;TimeoutError: Timeout 30000ms exceeded.
    at ProgressController.run (/private/var/folders/5l/vkhf9r3554ggrmzshyky98p40000gn/T/playwright-java-17867864138754034348/package/lib/server/progress.js:87:26)
    at Frame.click (/private/var/folders/5l/vkhf9r3554ggrmzshyky98p40000gn/T/playwright-java-17867864138754034348/package/lib/server/frames.js:995:23)
    at FrameDispatcher.click (/private/var/folders/5l/vkhf9r3554ggrmzshyky98p40000gn/T/playwright-java-17867864138754034348/package/lib/server/dispatchers/frameDispatcher.js:158:30)
    at FrameDispatcher._handleCommand (/private/var/folders/5l/vkhf9r3554ggrmzshyky98p40000gn/T/playwright-java-17867864138754034348/package/lib/server/dispatchers/dispatcher.js:94:40)
    at DispatcherConnection.dispatch (/private/var/folders/5l/vkhf9r3554ggrmzshyky98p40000gn/T/playwright-java-17867864138754034348/package/lib/server/dispatchers/dispatcher.js:362:39)
}
Call log:
- waiting for locator(&quot;#file-submit&quot;)
">
                <![CDATA[com.microsoft.playwright.TimeoutError: Error {
  message='Timeout 30000ms exceeded.
  name='TimeoutError
  stack='TimeoutError: Timeout 30000ms exceeded.
    at ProgressController.run (/private/var/folders/5l/vkhf9r3554ggrmzshyky98p40000gn/T/playwright-java-17867864138754034348/package/lib/server/progress.js:87:26)
    at Frame.click (/private/var/folders/5l/vkhf9r3554ggrmzshyky98p40000gn/T/playwright-java-17867864138754034348/package/lib/server/frames.js:995:23)
    at FrameDispatcher.click (/private/var/folders/5l/vkhf9r3554ggrmzshyky98p40000gn/T/playwright-java-17867864138754034348/package/lib/server/dispatchers/frameDispatcher.js:158:30)
    at FrameDispatcher._handleCommand (/private/var/folders/5l/vkhf9r3554ggrmzshyky98p40000gn/T/playwright-java-17867864138754034348/package/lib/server/dispatchers/dispatcher.js:94:40)
    at DispatcherConnection.dispatch (/private/var/folders/5l/vkhf9r3554ggrmzshyky98p40000gn/T/playwright-java-17867864138754034348/package/lib/server/dispatchers/dispatcher.js:362:39)
}
Call log:
- waiting for locator("#file-submit")

                com.microsoft.playwright.impl.WaitableResult.get(WaitableResult.java:52)com.microsoft.playwright.impl.ChannelOwner.runUntil(ChannelOwner.java:120)com.microsoft.playwright.impl.Connection.sendMessage(Connection.java:129)com.microsoft.playwright.impl.ChannelOwner.sendMessage(ChannelOwner.java:106)com.microsoft.playwright.impl.FrameImpl.clickImpl(FrameImpl.java:252)com.microsoft.playwright.impl.FrameImpl.lambda$click$8(FrameImpl.java:243)com.microsoft.playwright.impl.LoggingSupport.lambda$withLogging$0(LoggingSupport.java:36)com.microsoft.playwright.impl.LoggingSupport.withLogging(LoggingSupport.java:47)com.microsoft.playwright.impl.ChannelOwner.withLogging(ChannelOwner.java:89)com.microsoft.playwright.impl.LoggingSupport.withLogging(LoggingSupport.java:35)com.microsoft.playwright.impl.FrameImpl.click(FrameImpl.java:243)com.microsoft.playwright.impl.LocatorImpl.click(LocatorImpl.java:140)com.microsoft.playwright.Locator.click(Locator.java:2387)playwrightconcepts.UploadMultipleFiles.fileUpload(UploadMultipleFiles.java:43)java.base/jdk.internal.reflect.NativeMethodAccessorImpl.invoke0(Native Method)java.base/jdk.internal.reflect.NativeMethodAccessorImpl.invoke(NativeMethodAccessorImpl.java:77)java.base/jdk.internal.reflect.DelegatingMethodAccessorImpl.invoke(DelegatingMethodAccessorImpl.java:43)java.base/java.lang.reflect.Method.invoke(Method.java:568)org.testng.internal.MethodInvocationHelper.invokeMethod(MethodInvocationHelper.java:133)org.testng.internal.TestInvoker.invokeMethod(TestInvoker.java:598)org.testng.internal.TestInvoker.invokeTestMethod(TestInvoker.java:173)org.testng.internal.MethodRunner.runInSequence(MethodRunner.java:46)org.testng.internal.TestInvoker$MethodInvocationAgent.invoke(TestInvoker.java:824)org.testng.internal.TestInvoker.invokeTestMethods(TestInvoker.java:146)org.testng.internal.TestMethodWorker.invokeTestMethods(TestMethodWorker.java:146)org.testng.internal.TestMethodWorker.run(TestMethodWorker.java:128)java.base/java.util.ArrayList.forEach(ArrayList.java:1511)org.testng.TestRunner.privateRun(TestRunner.java:794)org.testng.TestRunner.run(TestRunner.java:596)org.testng.SuiteRunner.runTest(SuiteRunner.java:377)org.testng.SuiteRunner.runSequentially(SuiteRunner.java:371)org.testng.SuiteRunner.privateRun(SuiteRunner.java:332)org.testng.SuiteRunner.run(SuiteRunner.java:276)org.testng.SuiteRunnerWorker.runSuite(SuiteRunnerWorker.java:53)org.testng.SuiteRunnerWorker.run(SuiteRunnerWorker.java:96)org.testng.TestNG.runSuitesSequentially(TestNG.java:1212)org.testng.TestNG.runSuitesLocally(TestNG.java:1134)org.testng.TestNG.runSuites(TestNG.java:1063)org.testng.TestNG.run(TestNG.java:1031)org.testng.remote.AbstractRemoteTestNG.run(AbstractRemoteTestNG.java:115)org.testng.remote.RemoteTestNG.initAndRun(RemoteTestNG.java:251)org.testng.remote.RemoteTestNG.main(RemoteTestNG.java:77)
                    Caused by: com.microsoft.playwright.TimeoutError: Error {
  message='Timeout 30000ms exceeded.
  name='TimeoutError
  stack='TimeoutError: Timeout 30000ms exceeded.
    at ProgressController.run (/private/var/folders/5l/vkhf9r3554ggrmzshyky98p40000gn/T/playwright-java-17867864138754034348/package/lib/server/progress.js:87:26)
    at Frame.click (/private/var/folders/5l/vkhf9r3554ggrmzshyky98p40000gn/T/playwright-java-17867864138754034348/package/lib/server/frames.js:995:23)
    at FrameDispatcher.click (/private/var/folders/5l/vkhf9r3554ggrmzshyky98p40000gn/T/playwright-java-17867864138754034348/package/lib/server/dispatchers/frameDispatcher.js:158:30)
    at FrameDispatcher._handleCommand (/private/var/folders/5l/vkhf9r3554ggrmzshyky98p40000gn/T/playwright-java-17867864138754034348/package/lib/server/dispatchers/dispatcher.js:94:40)
    at DispatcherConnection.dispatch (/private/var/folders/5l/vkhf9r3554ggrmzshyky98p40000gn/T/playwright-java-17867864138754034348/package/lib/server/dispatchers/dispatcher.js:362:39)
}
Call log:
- waiting for locator("#file-submit")

                    com.microsoft.playwright.impl.Connection.dispatch(Connection.java:254)com.microsoft.playwright.impl.Connection.processOneMessage(Connection.java:209)com.microsoft.playwright.impl.ChannelOwner.runUntil(ChannelOwner.java:118)com.microsoft.playwright.impl.Connection.sendMessage(Connection.java:129)com.microsoft.playwright.impl.ChannelOwner.sendMessage(ChannelOwner.java:106)com.microsoft.playwright.impl.FrameImpl.clickImpl(FrameImpl.java:252)com.microsoft.playwright.impl.FrameImpl.lambda$click$8(FrameImpl.java:243)com.microsoft.playwright.impl.LoggingSupport.lambda$withLogging$0(LoggingSupport.java:36)com.microsoft.playwright.impl.LoggingSupport.withLogging(LoggingSupport.java:47)com.microsoft.playwright.impl.ChannelOwner.withLogging(ChannelOwner.java:89)com.microsoft.playwright.impl.LoggingSupport.withLogging(LoggingSupport.java:35)com.microsoft.playwright.impl.FrameImpl.click(FrameImpl.java:243)com.microsoft.playwright.impl.LocatorImpl.click(LocatorImpl.java:140)com.microsoft.playwright.Locator.click(Locator.java:2387)playwrightconcepts.UploadMultipleFiles.fileUpload(UploadMultipleFiles.java:43)java.base/jdk.internal.reflect.NativeMethodAccessorImpl.invoke0(Native Method)java.base/jdk.internal.reflect.NativeMethodAccessorImpl.invoke(NativeMethodAccessorImpl.java:77)java.base/jdk.internal.reflect.DelegatingMethodAccessorImpl.invoke(DelegatingMethodAccessorImpl.java:43)java.base/java.lang.reflect.Method.invoke(Method.java:568)org.testng.internal.MethodInvocationHelper.invokeMethod(MethodInvocationHelper.java:133)org.testng.internal.TestInvoker.invokeMethod(TestInvoker.java:598)org.testng.internal.TestInvoker.invokeTestMethod(TestInvoker.java:173)org.testng.internal.MethodRunner.runInSequence(MethodRunner.java:46)org.testng.internal.TestInvoker$MethodInvocationAgent.invoke(TestInvoker.java:824)org.testng.internal.TestInvoker.invokeTestMethods(TestInvoker.java:146)org.testng.internal.TestMethodWorker.invokeTestMethods(TestMethodWorker.java:146)org.testng.internal.TestMethodWorker.run(TestMethodWorker.java:128)java.base/java.util.ArrayList.forEach(ArrayList.java:1511)org.testng.TestRunner.privateRun(TestRunner.java:794)org.testng.TestRunner.run(TestRunner.java:596)org.testng.SuiteRunner.runTest(SuiteRunner.java:377)org.testng.SuiteRunner.runSequentially(SuiteRunner.java:371)org.testng.SuiteRunner.privateRun(SuiteRunner.java:332)org.testng.SuiteRunner.run(SuiteRunner.java:276)org.testng.SuiteRunnerWorker.runSuite(SuiteRunnerWorker.java:53)org.testng.SuiteRunnerWorker.run(SuiteRunnerWorker.java:96)org.testng.TestNG.runSuitesSequentially(TestNG.java:1212)org.testng.TestNG.runSuitesLocally(TestNG.java:1134)org.testng.TestNG.runSuites(TestNG.java:1063)org.testng.TestNG.run(TestNG.java:1031)org.testng.remote.AbstractRemoteTestNG.run(AbstractRemoteTestNG.java:115)org.testng.remote.RemoteTestNG.initAndRun(RemoteTestNG.java:251)org.testng.remote.RemoteTestNG.main(RemoteTestNG.java:77)
                ]]>
            </failure>
    </testcase>


</testsuite>
