<?xml version="1.0" encoding="UTF-8"?>
<testsuite name="Default test"
           tests="1"
           failures="1"
           errors="0"
           skipped="0"
           time="33.274">
    <properties></properties>

            <testcase
                name="listOfElements"
                time="33.274"
                classname="playwrightconcepts.FindElements">

            <failure type="com.microsoft.playwright.TimeoutError" message="Error {
  message=&apos;Timeout 30000ms exceeded.
  name=&apos;TimeoutError
  stack=&apos;TimeoutError: Timeout 30000ms exceeded.
    at ProgressController.run (/private/var/folders/5l/vkhf9r3554ggrmzshyky98p40000gn/T/playwright-java-1057411244013944535/package/lib/server/progress.js:87:26)
    at Frame.goto (/private/var/folders/5l/vkhf9r3554ggrmzshyky98p40000gn/T/playwright-java-1057411244013944535/package/lib/server/frames.js:517:23)
    at FrameDispatcher.goto (/private/var/folders/5l/vkhf9r3554ggrmzshyky98p40000gn/T/playwright-java-1057411244013944535/package/lib/server/dispatchers/frameDispatcher.js:81:119)
    at FrameDispatcher._handleCommand (/private/var/folders/5l/vkhf9r3554ggrmzshyky98p40000gn/T/playwright-java-1057411244013944535/package/lib/server/dispatchers/dispatcher.js:94:40)
    at DispatcherConnection.dispatch (/private/var/folders/5l/vkhf9r3554ggrmzshyky98p40000gn/T/playwright-java-1057411244013944535/package/lib/server/dispatchers/dispatcher.js:362:39)
}
Call log:
- navigating to &quot;https://www.programsbuzz.com/search/node&quot;, waiting until &quot;load&quot;
">
                <![CDATA[com.microsoft.playwright.TimeoutError: Error {
  message='Timeout 30000ms exceeded.
  name='TimeoutError
  stack='TimeoutError: Timeout 30000ms exceeded.
    at ProgressController.run (/private/var/folders/5l/vkhf9r3554ggrmzshyky98p40000gn/T/playwright-java-1057411244013944535/package/lib/server/progress.js:87:26)
    at Frame.goto (/private/var/folders/5l/vkhf9r3554ggrmzshyky98p40000gn/T/playwright-java-1057411244013944535/package/lib/server/frames.js:517:23)
    at FrameDispatcher.goto (/private/var/folders/5l/vkhf9r3554ggrmzshyky98p40000gn/T/playwright-java-1057411244013944535/package/lib/server/dispatchers/frameDispatcher.js:81:119)
    at FrameDispatcher._handleCommand (/private/var/folders/5l/vkhf9r3554ggrmzshyky98p40000gn/T/playwright-java-1057411244013944535/package/lib/server/dispatchers/dispatcher.js:94:40)
    at DispatcherConnection.dispatch (/private/var/folders/5l/vkhf9r3554ggrmzshyky98p40000gn/T/playwright-java-1057411244013944535/package/lib/server/dispatchers/dispatcher.js:362:39)
}
Call log:
- navigating to "https://www.programsbuzz.com/search/node", waiting until "load"

                com.microsoft.playwright.impl.WaitableResult.get(WaitableResult.java:52)com.microsoft.playwright.impl.ChannelOwner.runUntil(ChannelOwner.java:120)com.microsoft.playwright.impl.Connection.sendMessage(Connection.java:129)com.microsoft.playwright.impl.ChannelOwner.sendMessage(ChannelOwner.java:106)com.microsoft.playwright.impl.FrameImpl.navigateImpl(FrameImpl.java:463)com.microsoft.playwright.impl.PageImpl.lambda$navigate$45(PageImpl.java:836)com.microsoft.playwright.impl.LoggingSupport.withLogging(LoggingSupport.java:47)com.microsoft.playwright.impl.ChannelOwner.withLogging(ChannelOwner.java:89)com.microsoft.playwright.impl.PageImpl.navigate(PageImpl.java:836)com.microsoft.playwright.impl.PageImpl.navigate(PageImpl.java:42)com.microsoft.playwright.Page.navigate(Page.java:5332)playwrightconcepts.FindElements.listOfElements(FindElements.java:30)java.base/jdk.internal.reflect.NativeMethodAccessorImpl.invoke0(Native Method)java.base/jdk.internal.reflect.NativeMethodAccessorImpl.invoke(NativeMethodAccessorImpl.java:77)java.base/jdk.internal.reflect.DelegatingMethodAccessorImpl.invoke(DelegatingMethodAccessorImpl.java:43)java.base/java.lang.reflect.Method.invoke(Method.java:568)org.testng.internal.MethodInvocationHelper.invokeMethod(MethodInvocationHelper.java:133)org.testng.internal.TestInvoker.invokeMethod(TestInvoker.java:598)org.testng.internal.TestInvoker.invokeTestMethod(TestInvoker.java:173)org.testng.internal.MethodRunner.runInSequence(MethodRunner.java:46)org.testng.internal.TestInvoker$MethodInvocationAgent.invoke(TestInvoker.java:824)org.testng.internal.TestInvoker.invokeTestMethods(TestInvoker.java:146)org.testng.internal.TestMethodWorker.invokeTestMethods(TestMethodWorker.java:146)org.testng.internal.TestMethodWorker.run(TestMethodWorker.java:128)java.base/java.util.ArrayList.forEach(ArrayList.java:1511)org.testng.TestRunner.privateRun(TestRunner.java:794)org.testng.TestRunner.run(TestRunner.java:596)org.testng.SuiteRunner.runTest(SuiteRunner.java:377)org.testng.SuiteRunner.runSequentially(SuiteRunner.java:371)org.testng.SuiteRunner.privateRun(SuiteRunner.java:332)org.testng.SuiteRunner.run(SuiteRunner.java:276)org.testng.SuiteRunnerWorker.runSuite(SuiteRunnerWorker.java:53)org.testng.SuiteRunnerWorker.run(SuiteRunnerWorker.java:96)org.testng.TestNG.runSuitesSequentially(TestNG.java:1212)org.testng.TestNG.runSuitesLocally(TestNG.java:1134)org.testng.TestNG.runSuites(TestNG.java:1063)org.testng.TestNG.run(TestNG.java:1031)org.testng.remote.AbstractRemoteTestNG.run(AbstractRemoteTestNG.java:115)org.testng.remote.RemoteTestNG.initAndRun(RemoteTestNG.java:293)org.testng.remote.RemoteTestNG.main(RemoteTestNG.java:91)
                    Caused by: com.microsoft.playwright.TimeoutError: Error {
  message='Timeout 30000ms exceeded.
  name='TimeoutError
  stack='TimeoutError: Timeout 30000ms exceeded.
    at ProgressController.run (/private/var/folders/5l/vkhf9r3554ggrmzshyky98p40000gn/T/playwright-java-1057411244013944535/package/lib/server/progress.js:87:26)
    at Frame.goto (/private/var/folders/5l/vkhf9r3554ggrmzshyky98p40000gn/T/playwright-java-1057411244013944535/package/lib/server/frames.js:517:23)
    at FrameDispatcher.goto (/private/var/folders/5l/vkhf9r3554ggrmzshyky98p40000gn/T/playwright-java-1057411244013944535/package/lib/server/dispatchers/frameDispatcher.js:81:119)
    at FrameDispatcher._handleCommand (/private/var/folders/5l/vkhf9r3554ggrmzshyky98p40000gn/T/playwright-java-1057411244013944535/package/lib/server/dispatchers/dispatcher.js:94:40)
    at DispatcherConnection.dispatch (/private/var/folders/5l/vkhf9r3554ggrmzshyky98p40000gn/T/playwright-java-1057411244013944535/package/lib/server/dispatchers/dispatcher.js:362:39)
}
Call log:
- navigating to "https://www.programsbuzz.com/search/node", waiting until "load"

                    com.microsoft.playwright.impl.Connection.dispatch(Connection.java:254)com.microsoft.playwright.impl.Connection.processOneMessage(Connection.java:209)com.microsoft.playwright.impl.ChannelOwner.runUntil(ChannelOwner.java:118)com.microsoft.playwright.impl.Connection.sendMessage(Connection.java:129)com.microsoft.playwright.impl.ChannelOwner.sendMessage(ChannelOwner.java:106)com.microsoft.playwright.impl.FrameImpl.navigateImpl(FrameImpl.java:463)com.microsoft.playwright.impl.PageImpl.lambda$navigate$45(PageImpl.java:836)com.microsoft.playwright.impl.LoggingSupport.withLogging(LoggingSupport.java:47)com.microsoft.playwright.impl.ChannelOwner.withLogging(ChannelOwner.java:89)com.microsoft.playwright.impl.PageImpl.navigate(PageImpl.java:836)com.microsoft.playwright.impl.PageImpl.navigate(PageImpl.java:42)com.microsoft.playwright.Page.navigate(Page.java:5332)playwrightconcepts.FindElements.listOfElements(FindElements.java:30)java.base/jdk.internal.reflect.NativeMethodAccessorImpl.invoke0(Native Method)java.base/jdk.internal.reflect.NativeMethodAccessorImpl.invoke(NativeMethodAccessorImpl.java:77)java.base/jdk.internal.reflect.DelegatingMethodAccessorImpl.invoke(DelegatingMethodAccessorImpl.java:43)java.base/java.lang.reflect.Method.invoke(Method.java:568)org.testng.internal.MethodInvocationHelper.invokeMethod(MethodInvocationHelper.java:133)org.testng.internal.TestInvoker.invokeMethod(TestInvoker.java:598)org.testng.internal.TestInvoker.invokeTestMethod(TestInvoker.java:173)org.testng.internal.MethodRunner.runInSequence(MethodRunner.java:46)org.testng.internal.TestInvoker$MethodInvocationAgent.invoke(TestInvoker.java:824)org.testng.internal.TestInvoker.invokeTestMethods(TestInvoker.java:146)org.testng.internal.TestMethodWorker.invokeTestMethods(TestMethodWorker.java:146)org.testng.internal.TestMethodWorker.run(TestMethodWorker.java:128)java.base/java.util.ArrayList.forEach(ArrayList.java:1511)org.testng.TestRunner.privateRun(TestRunner.java:794)org.testng.TestRunner.run(TestRunner.java:596)org.testng.SuiteRunner.runTest(SuiteRunner.java:377)org.testng.SuiteRunner.runSequentially(SuiteRunner.java:371)org.testng.SuiteRunner.privateRun(SuiteRunner.java:332)org.testng.SuiteRunner.run(SuiteRunner.java:276)org.testng.SuiteRunnerWorker.runSuite(SuiteRunnerWorker.java:53)org.testng.SuiteRunnerWorker.run(SuiteRunnerWorker.java:96)org.testng.TestNG.runSuitesSequentially(TestNG.java:1212)org.testng.TestNG.runSuitesLocally(TestNG.java:1134)org.testng.TestNG.runSuites(TestNG.java:1063)org.testng.TestNG.run(TestNG.java:1031)org.testng.remote.AbstractRemoteTestNG.run(AbstractRemoteTestNG.java:115)org.testng.remote.RemoteTestNG.initAndRun(RemoteTestNG.java:293)org.testng.remote.RemoteTestNG.main(RemoteTestNG.java:91)
                ]]>
            </failure>
    </testcase>


</testsuite>
