<?xml version="1.0" encoding="UTF-8"?>
<testng-results ignored="0" total="4" passed="4" failed="0" skipped="0">
  <reporter-output>
  </reporter-output>
  <suite started-at="2024-06-15T23:04:18 IST" name="Suite" finished-at="2024-06-15T23:04:41 IST" duration-ms="23523">
    <groups>
    </groups>
    <test started-at="2024-06-15T23:04:18 IST" name="EmailTest1" finished-at="2024-06-15T23:04:38 IST" duration-ms="20532">
      <class name="com.application.testngtestcases.ActimePage">
        <test-method is-config="true" signature="setup(java.lang.String)[pri:0, instance:com.application.testngtestcases.ActimePage@aba625]" started-at="2024-06-15T23:04:18 IST" name="setup" finished-at="2024-06-15T23:04:31 IST" duration-ms="13157" status="PASS">
          <params>
            <param index="0">
              <value>
                <![CDATA[safari]]>
              </value>
            </param>
          </params>
          <reporter-output>
          </reporter-output>
        </test-method> <!-- setup -->
        <test-method signature="emailtest()[pri:0, instance:com.application.testngtestcases.ActimePage@aba625]" started-at="2024-06-15T23:04:31 IST" name="emailtest" finished-at="2024-06-15T23:04:36 IST" duration-ms="4707" status="PASS">
          <reporter-output>
          </reporter-output>
        </test-method> <!-- emailtest -->
        <test-method signature="emailtest1()[pri:0, instance:com.application.testngtestcases.ActimePage@aba625]" started-at="2024-06-15T23:04:36 IST" name="emailtest1" finished-at="2024-06-15T23:04:38 IST" duration-ms="2569" status="PASS">
          <reporter-output>
          </reporter-output>
        </test-method> <!-- emailtest1 -->
        <test-method is-config="true" signature="tearDown()[pri:0, instance:com.application.testngtestcases.ActimePage@aba625]" started-at="2024-06-15T23:04:38 IST" name="tearDown" finished-at="2024-06-15T23:04:38 IST" duration-ms="77" status="PASS">
          <reporter-output>
          </reporter-output>
        </test-method> <!-- tearDown -->
      </class> <!-- com.application.testngtestcases.ActimePage -->
    </test> <!-- EmailTest1 -->
    <test started-at="2024-06-15T23:04:18 IST" name="EmailTest" finished-at="2024-06-15T23:04:41 IST" duration-ms="23523">
      <class name="com.application.testngtestcases.ActimeTimePageTest">
        <test-method is-config="true" signature="setup(java.lang.String)[pri:0, instance:com.application.testngtestcases.ActimeTimePageTest@6c4906d3]" started-at="2024-06-15T23:04:18 IST" name="setup" finished-at="2024-06-15T23:04:27 IST" duration-ms="9243" status="PASS">
          <params>
            <param index="0">
              <value>
                <![CDATA[firefox]]>
              </value>
            </param>
          </params>
          <reporter-output>
          </reporter-output>
        </test-method> <!-- setup -->
        <test-method signature="emailtest1()[pri:0, instance:com.application.testngtestcases.ActimeTimePageTest@6c4906d3]" started-at="2024-06-15T23:04:27 IST" name="emailtest1" finished-at="2024-06-15T23:04:34 IST" duration-ms="6921" status="PASS">
          <reporter-output>
          </reporter-output>
        </test-method> <!-- emailtest1 -->
        <test-method signature="emailtest12()[pri:0, instance:com.application.testngtestcases.ActimeTimePageTest@6c4906d3]" started-at="2024-06-15T23:04:34 IST" name="emailtest12" finished-at="2024-06-15T23:04:41 IST" duration-ms="6939" status="PASS">
          <reporter-output>
          </reporter-output>
        </test-method> <!-- emailtest12 -->
        <test-method is-config="true" signature="tearDown()[pri:0, instance:com.application.testngtestcases.ActimeTimePageTest@6c4906d3]" started-at="2024-06-15T23:04:41 IST" name="tearDown" finished-at="2024-06-15T23:04:41 IST" duration-ms="396" status="PASS">
          <reporter-output>
          </reporter-output>
        </test-method> <!-- tearDown -->
      </class> <!-- com.application.testngtestcases.ActimeTimePageTest -->
    </test> <!-- EmailTest -->
  </suite> <!-- Suite -->
</testng-results>
